Unity Editor version:    6000.3.10f1 (e35f0c77bd8e)
Branch:                  6000.3/staging
Build type:              Release
Batch mode:              YES
macOS version:           Version 26.3.1 (Build 25D2128)
Darwin version:          25.3.0
Architecture:            arm64
Running under Rosetta:   NO
Available memory:        16384 MB
Date:                    2026-03-23T14:32:56Z
[Licensing::Module] Trying to connect to existing licensing client channel...
[Licensing::IpcConnector] Successfully connected to: "LicenseClient-danyasuskov" at "2026-03-23T14:32:56.512458Z"

COMMAND LINE ARGUMENTS:
/Applications/Unity/Hub/Editor/6000.3.10f1/Unity.app/Contents/MacOS/Unity
-adb2
-batchMode
-noUpm
-name
AssetImportWorker0
-projectPath
/Users/danyasuskov/Documents/GitHub/Tower.Defense-game
-logFile
Logs/AssetImportWorker0.log
-srvPort
49169
-licensingIpc
LicenseClient-danyasuskov
-job-worker-count
4
-background-job-worker-count
8
-gc-helper-count
1
-name AssetImport
Successfully changed project path to: /Users/danyasuskov/Documents/GitHub/Tower.Defense-game
/Users/danyasuskov/Documents/GitHub/Tower.Defense-game
[UnityMemory] Configuration Parameters - Can be set up in boot.config
    "memorysetup-allocator-temp-initial-block-size-main=262144"
    "memorysetup-allocator-temp-initial-block-size-worker=262144"
    "memorysetup-temp-allocator-size-background-worker=32768"
    "memorysetup-temp-allocator-size-job-worker=262144"
    "memorysetup-temp-allocator-size-preload-manager=33554432"
    "memorysetup-temp-allocator-size-nav-mesh-worker=65536"
    "memorysetup-temp-allocator-size-audio-worker=65536"
    "memorysetup-temp-allocator-size-cloud-worker=32768"
    "memorysetup-bucket-allocator-granularity=16"
    "memorysetup-bucket-allocator-bucket-count=8"
    "memorysetup-bucket-allocator-block-size=33554432"
    "memorysetup-bucket-allocator-block-count=8"
    "memorysetup-main-allocator-block-size=16777216"
    "memorysetup-thread-allocator-block-size=16777216"
    "memorysetup-gfx-main-allocator-block-size=16777216"
    "memorysetup-gfx-thread-allocator-block-size=16777216"
    "memorysetup-cache-allocator-block-size=4194304"
    "memorysetup-typetree-allocator-block-size=2097152"
    "memorysetup-profiler-bucket-allocator-granularity=16"
    "memorysetup-profiler-bucket-allocator-bucket-count=8"
    "memorysetup-profiler-bucket-allocator-block-size=33554432"
    "memorysetup-profiler-bucket-allocator-block-count=8"
    "memorysetup-profiler-allocator-block-size=16777216"
    "memorysetup-profiler-editor-allocator-block-size=1048576"
    "memorysetup-temp-allocator-size-main=16777216"
    "memorysetup-job-temp-allocator-block-size=2097152"
    "memorysetup-job-temp-allocator-block-size-background=1048576"
    "memorysetup-job-temp-allocator-reduction-small-platforms=262144"
    "memorysetup-temp-allocator-size-gi-baking-worker=262144"
    "memorysetup-temp-allocator-size-gi-baking-worker=262144"
    "memorysetup-temp-allocator-size-gi-baking-worker=262144"
    "memorysetup-temp-allocator-size-gi-baking-worker=262144"
    "memorysetup-temp-allocator-size-gi-baking-worker=262144"
    "memorysetup-temp-allocator-size-gfx=262144"
Player connection [8589701376]  Target information:

Player connection [8589701376]  * "[IP] 192.168.50.250 [Port] 0 [Flags] 2 [Guid] 1505177281 [EditorId] 1505177281 [Version] 1048832 [Id] OSXEditor(0,MacBookPro) [Debug] 1 [PackageName] OSXEditor [ProjectName] Editor" 

Player connection [8589701376] Host joined multi-casting on [225.0.0.222:54997]...
Player connection [8589701376] Host joined alternative multi-casting on [225.0.0.222:34997]...
JobSystem: Creating JobQueue using job-worker-count value 4
Input System module state changed to: Initialized.
[Physics::Module] Initialized fallback backend.
[Physics::Module] Id: 0xdecafbad
Library Redirect Path: Library/
[Physics::Module] Selected backend.
[Physics::Module] Name: PhysX
[Physics::Module] Id: 0xf2b8ea05
[Physics::Module] SDK Version: 4.1.2
[Physics::Module] Integration Version: 1.0.0
[Physics::Module] Threading Mode: Multi-Threaded
Refreshing native plugins compatible for Editor in 7.86 ms, found 2 plugins.
Preloading 0 native plugins for Editor in 0.00 ms.
Initialize engine version: 6000.3.10f1 (e35f0c77bd8e)
[Subsystems] Discovering subsystems at path /Applications/Unity/Hub/Editor/6000.3.10f1/Unity.app/Contents/Resources/UnitySubsystems
[Subsystems] Discovering subsystems at path /Users/danyasuskov/Documents/GitHub/Tower.Defense-game/Assets
GfxDevice: creating device client; kGfxThreadingModeNonThreaded
 preferred device: Apple M1 Pro (high power)
Metal devices available: 1
0: Apple M1 Pro (high power)
Using device Apple M1 Pro (high power)
Initializing Metal device caps: Apple M1 Pro
Mac GPU Family: 2
Apple GPU Family: 7
MSL Version: 3.0
Has Float MSAA: 1
Has Float Filtering: 1
ReadWrite Texture Tier: 2
Initialize mono
Mono path[0] = '/Applications/Unity/Hub/Editor/6000.3.10f1/Unity.app/Contents/Resources/Scripting/Managed'
Mono path[1] = '/Applications/Unity/Hub/Editor/6000.3.10f1/Unity.app/Contents/Resources/Scripting/MonoBleedingEdge/lib/mono/unityjit-macos'
Mono config path = '/Applications/Unity/Hub/Editor/6000.3.10f1/Unity.app/Contents/Resources/Scripting/MonoBleedingEdge/etc'
Using monoOptions --debugger-agent=transport=dt_socket,embedding=1,server=y,suspend=n,address=127.0.0.1:56263
Begin MonoManager ReloadAssembly
[Licensing::Client] Handshaking with LicensingClient:
  Version:                 1.17.4+4293ba1
  Session Id:              404eb84f6d5c408899ec4d7cd65334c8
  Correlation Id:          fbdce3c0dd7638a79a26284c27d3f8aa
  External correlation Id: 8013184463232860611
  Machine Id:              q/bheS2qXVDIMkFcYwifgYFRWFA=
[Licensing::Module] Successfully connected to LicensingClient on channel: "LicenseClient-danyasuskov" (connect: 0.00s, validation: 0.00s, handshake: 0.64s)
[Licensing::IpcConnector] Successfully connected to: "LicenseClient-danyasuskov-notifications" at "2026-03-23T14:32:57.148387Z"
[Licensing::Module] Licensing Background thread has ended after 0.64s
Registering precompiled unity dll's ...
Register platform support module: /Applications/Unity/Hub/Editor/6000.3.10f1/Unity.app/Contents/PlaybackEngines/MacStandaloneSupport/UnityEditor.OSXStandalone.Extensions.dll
Registered in 0.001159 seconds.
- Loaded All Assemblies, in  0.313 seconds
Native extension for OSXStandalone target not found
ScheduleIndexationOnStartup MainProcess:False IndexOnStartup:True
Mono: successfully reloaded assembly
- Finished resetting the current domain, in  0.339 seconds
Domain Reload Profiling: 652ms
	BeginReloadAssembly (114ms)
		ExecutionOrderSort (0ms)
		DisableScriptedObjects (0ms)
		BackupInstance (0ms)
		ReleaseScriptingObjects (0ms)
		CreateAndSetChildDomain (0ms)
	RebuildCommonClasses (28ms)
	RebuildNativeTypeToScriptingClass (11ms)
	initialDomainReloadingComplete (31ms)
	LoadAllAssembliesAndSetupDomain (130ms)
		LoadAssemblies (114ms)
		RebuildTransferFunctionScriptingTraits (0ms)
		AnalyzeDomain (127ms)
			TypeCache.Refresh (126ms)
				TypeCache.ScanAssembly (113ms)
			BuildScriptInfoCaches (0ms)
			ResolveRequiredComponents (0ms)
	FinalizeReload (339ms)
		ReleaseScriptCaches (0ms)
		RebuildScriptCaches (0ms)
		SetupLoadedEditorAssemblies (303ms)
			LogAssemblyErrors (0ms)
			InitializePlatformSupportModulesInManaged (29ms)
			SetLoadedEditorAssemblies (4ms)
			BeforeProcessingInitializeOnLoad (80ms)
			ProcessInitializeOnLoadAttributes (127ms)
			ProcessInitializeOnLoadMethodAttributes (63ms)
			AfterProcessingInitializeOnLoad (0ms)
			EditorAssembliesLoaded (0ms)
		ExecutionOrderSort2 (0ms)
		AwakeInstancesAfterBackupRestoration (0ms)
[CoreBusinessMetrics] Unexpected thread when updating session info.
========================================================================
Worker process is ready to serve import requests
Import Worker Mode flag is 0x00
Begin MonoManager ReloadAssembly
[Licensing::Client] Successfully resolved entitlement details
[Licensing::Module] License group:
  Id: 7972534225320-UnityPersXXXX
  Product: Unity Personal
  Type: Assigned
  Expiration: Unlimited
- Loaded All Assemblies, in  0.570 seconds
Refreshing native plugins compatible for Editor in 0.43 ms, found 2 plugins.
Native extension for OSXStandalone target not found
Package Manager log level set to [2]
[Package Manager] Failed to launch server process. Reason: Unity was launched with the -noUpm command-line argument
[Package Manager] Unable to send message (not connected to server process).
[Package Manager] Cannot connect to Unity Package Manager local server
ScheduleIndexationOnStartup MainProcess:False IndexOnStartup:True
Mono: successfully reloaded assembly
- Finished resetting the current domain, in  0.539 seconds
Domain Reload Profiling: 1110ms
	BeginReloadAssembly (93ms)
		ExecutionOrderSort (0ms)
		DisableScriptedObjects (4ms)
		BackupInstance (0ms)
		ReleaseScriptingObjects (0ms)
		CreateAndSetChildDomain (17ms)
	RebuildCommonClasses (26ms)
	RebuildNativeTypeToScriptingClass (10ms)
	initialDomainReloadingComplete (22ms)
	LoadAllAssembliesAndSetupDomain (418ms)
		LoadAssemblies (271ms)
		RebuildTransferFunctionScriptingTraits (0ms)
		AnalyzeDomain (189ms)
			TypeCache.Refresh (136ms)
				TypeCache.ScanAssembly (122ms)
			BuildScriptInfoCaches (44ms)
			ResolveRequiredComponents (7ms)
	FinalizeReload (540ms)
		ReleaseScriptCaches (0ms)
		RebuildScriptCaches (0ms)
		SetupLoadedEditorAssemblies (452ms)
			LogAssemblyErrors (0ms)
			InitializePlatformSupportModulesInManaged (1ms)
			SetLoadedEditorAssemblies (3ms)
			BeforeProcessingInitializeOnLoad (112ms)
			ProcessInitializeOnLoadAttributes (242ms)
			ProcessInitializeOnLoadMethodAttributes (93ms)
			AfterProcessingInitializeOnLoad (1ms)
			EditorAssembliesLoaded (0ms)
		ExecutionOrderSort2 (0ms)
		AwakeInstancesAfterBackupRestoration (2ms)
WARNING: Shader Unsupported: 'Universal Render Pipeline/VR/SpatialMapping/Wireframe' - All subshaders removed
WARNING: Shader Did you use #pragma only_renderers and omit this platform?
WARNING: Shader If subshaders removal was intentional, you may have forgotten turning Fallback off?
WARNING: Shader Unsupported: 'Universal Render Pipeline/VR/SpatialMapping/Wireframe' - All subshaders removed
WARNING: Shader Did you use #pragma only_renderers and omit this platform?
WARNING: Shader If subshaders removal was intentional, you may have forgotten turning Fallback off?
Launching external process: /Applications/Unity/Hub/Editor/6000.3.10f1/Unity.app/Contents/Helpers/UnityShaderCompiler
Launched and connected shader compiler UnityShaderCompiler after 0.03 seconds
Refreshing native plugins compatible for Editor in 0.70 ms, found 2 plugins.
Preloading 0 native plugins for Editor in 0.00 ms.
Unloading 17 Unused Serialized files (Serialized files now loaded: 0)
Unloading 6924 unused Assets / (4.6 MB). Loaded Objects now: 7740.
Memory consumption went from 157.2 MB to 152.5 MB.
Total: 7.677667 ms (FindLiveObjects: 0.354833 ms CreateObjectMapping: 0.214500 ms MarkObjects: 5.394625 ms  DeleteObjects: 1.713542 ms)

========================================================================
Received Import Request.
  Time since last request: 1552.057282 seconds.
  path: Assets/_Project/Scripts
  artifactKey: Guid(003db3694f040654e9a8cd76da31e78a) Importer(815301076,1909f56bfc062723c751e8b465ee728b)
Start importing Assets/_Project/Scripts using Guid(003db3694f040654e9a8cd76da31e78a) Importer(815301076,1909f56bfc062723c751e8b465ee728b) (PreviewImporter) -> (artifact id: 'd17574816eaae5db3353b745f044d456') in 0.003092417 seconds
Number of updated asset objects reloaded before import = 0Number of asset objects unloaded after import = 0

========================================================================
Received Prepare
WARNING: Shader Unsupported: 'Universal Render Pipeline/VR/SpatialMapping/Wireframe' - All subshaders removed
WARNING: Shader Did you use #pragma only_renderers and omit this platform?
WARNING: Shader If subshaders removal was intentional, you may have forgotten turning Fallback off?
WARNING: Shader Unsupported: 'Universal Render Pipeline/VR/SpatialMapping/Wireframe' - All subshaders removed
WARNING: Shader Did you use #pragma only_renderers and omit this platform?
WARNING: Shader If subshaders removal was intentional, you may have forgotten turning Fallback off?
Refreshing native plugins compatible for Editor in 0.42 ms, found 1 plugins.
Preloading 0 native plugins for Editor in 0.00 ms.
Unloading 17 Unused Serialized files (Serialized files now loaded: 0)
Unloading 6413 unused Assets / (3.4 MB). Loaded Objects now: 7247.
Memory consumption went from 151.9 MB to 148.6 MB.
Total: 7.559000 ms (FindLiveObjects: 0.390500 ms CreateObjectMapping: 0.245417 ms MarkObjects: 5.515333 ms  DeleteObjects: 1.407167 ms)

Prepare: number of updated asset objects reloaded= 0
========================================================================
Received Import Request.
  Time since last request: 487.013738 seconds.
  path: Assets/_Project/Scripts/Data/EnemyData.cs
  artifactKey: Guid(512156850cfa51a49bbd5649430c2398) Importer(815301076,1909f56bfc062723c751e8b465ee728b)
Start importing Assets/_Project/Scripts/Data/EnemyData.cs using Guid(512156850cfa51a49bbd5649430c2398) Importer(815301076,1909f56bfc062723c751e8b465ee728b) (PreviewImporter) -> (artifact id: '71fa7f2b42db4826d17b00b092069df4') in 0.000655083 seconds
Number of updated asset objects reloaded before import = 0Number of asset objects unloaded after import = 0

========================================================================
Received Import Request.
  Time since last request: 1.693305 seconds.
  path: Assets/_Project/Scripts/EnemyData.cs
  artifactKey: Guid(680bff0b26a763544aca238658cb3f9e) Importer(815301076,1909f56bfc062723c751e8b465ee728b)
Start importing Assets/_Project/Scripts/EnemyData.cs using Guid(680bff0b26a763544aca238658cb3f9e) Importer(815301076,1909f56bfc062723c751e8b465ee728b) (PreviewImporter) -> (artifact id: '9822eb31b5cbd3803e7cd9752f9d9059') in 0.000401 seconds
Number of updated asset objects reloaded before import = 0Number of asset objects unloaded after import = 0

========================================================================
Received Import Request.
  Time since last request: 33.607089 seconds.
  path: Assets/_Project/Scripts/Logic/EnemyMovement.cs
  artifactKey: Guid(0b1ab84575eeff84087230129e5ef041) Importer(815301076,1909f56bfc062723c751e8b465ee728b)
Start importing Assets/_Project/Scripts/Logic/EnemyMovement.cs using Guid(0b1ab84575eeff84087230129e5ef041) Importer(815301076,1909f56bfc062723c751e8b465ee728b) (PreviewImporter) -> (artifact id: '2648af6630b498b5ae67f17ba0a51582') in 0.000428125 seconds
Number of updated asset objects reloaded before import = 0Number of asset objects unloaded after import = 0

========================================================================
Received Import Request.
  Time since last request: 0.995506 seconds.
  path: Assets/_Project/Scripts/EnemyMovement.cs
  artifactKey: Guid(fa9c21ca0f8ef6c4a90385a7c905afb7) Importer(815301076,1909f56bfc062723c751e8b465ee728b)
Start importing Assets/_Project/Scripts/EnemyMovement.cs using Guid(fa9c21ca0f8ef6c4a90385a7c905afb7) Importer(815301076,1909f56bfc062723c751e8b465ee728b) (PreviewImporter) -> (artifact id: 'd7d19fbb21310e83bfa404af0919d068') in 0.000394625 seconds
Number of updated asset objects reloaded before import = 0Number of asset objects unloaded after import = 0

========================================================================
Received Prepare
WARNING: Shader Unsupported: 'Universal Render Pipeline/VR/SpatialMapping/Wireframe' - All subshaders removed
WARNING: Shader Did you use #pragma only_renderers and omit this platform?
WARNING: Shader If subshaders removal was intentional, you may have forgotten turning Fallback off?
WARNING: Shader Unsupported: 'Universal Render Pipeline/VR/SpatialMapping/Wireframe' - All subshaders removed
WARNING: Shader Did you use #pragma only_renderers and omit this platform?
WARNING: Shader If subshaders removal was intentional, you may have forgotten turning Fallback off?
Refreshing native plugins compatible for Editor in 0.36 ms, found 1 plugins.
Preloading 0 native plugins for Editor in 0.00 ms.
Unloading 17 Unused Serialized files (Serialized files now loaded: 0)
Unloading 6412 unused Assets / (4.1 MB). Loaded Objects now: 7246.
Memory consumption went from 149.4 MB to 145.4 MB.
Total: 7.091666 ms (FindLiveObjects: 0.341666 ms CreateObjectMapping: 0.231459 ms MarkObjects: 5.107166 ms  DeleteObjects: 1.411083 ms)

Prepare: number of updated asset objects reloaded= 0
========================================================================
Received Prepare
WARNING: Shader Unsupported: 'Universal Render Pipeline/VR/SpatialMapping/Wireframe' - All subshaders removed
WARNING: Shader Did you use #pragma only_renderers and omit this platform?
WARNING: Shader If subshaders removal was intentional, you may have forgotten turning Fallback off?
WARNING: Shader Unsupported: 'Universal Render Pipeline/VR/SpatialMapping/Wireframe' - All subshaders removed
WARNING: Shader Did you use #pragma only_renderers and omit this platform?
WARNING: Shader If subshaders removal was intentional, you may have forgotten turning Fallback off?
Refreshing native plugins compatible for Editor in 0.41 ms, found 1 plugins.
Preloading 0 native plugins for Editor in 0.00 ms.
Unloading 17 Unused Serialized files (Serialized files now loaded: 0)
Unloading 6411 unused Assets / (4.0 MB). Loaded Objects now: 7245.
Memory consumption went from 146.9 MB to 142.9 MB.
Total: 7.322875 ms (FindLiveObjects: 0.441416 ms CreateObjectMapping: 0.202167 ms MarkObjects: 5.169083 ms  DeleteObjects: 1.510083 ms)

Prepare: number of updated asset objects reloaded= 0
========================================================================
Received Import Request.
  Time since last request: 210.475287 seconds.
  path: Assets/_Project/Scripts/Data/TowerData.cs
  artifactKey: Guid(28891fc036bec4f4d86fb3cc7e78e379) Importer(815301076,1909f56bfc062723c751e8b465ee728b)
Start importing Assets/_Project/Scripts/Data/TowerData.cs using Guid(28891fc036bec4f4d86fb3cc7e78e379) Importer(815301076,1909f56bfc062723c751e8b465ee728b) (PreviewImporter) -> (artifact id: '643dfaccda31097a8e3664d31f3b75b1') in 0.000431833 seconds
Number of updated asset objects reloaded before import = 0Number of asset objects unloaded after import = 0

========================================================================
Received Import Request.
  Time since last request: 0.724887 seconds.
  path: Assets/_Project/Scripts/TowerData.cs
  artifactKey: Guid(7df5a5068a1234540969637dc91ae94c) Importer(815301076,1909f56bfc062723c751e8b465ee728b)
Start importing Assets/_Project/Scripts/TowerData.cs using Guid(7df5a5068a1234540969637dc91ae94c) Importer(815301076,1909f56bfc062723c751e8b465ee728b) (PreviewImporter) -> (artifact id: '39076480e1d9f5c3ee2a734205b401d8') in 0.000401875 seconds
Number of updated asset objects reloaded before import = 0Number of asset objects unloaded after import = 0

========================================================================
Received Prepare
WARNING: Shader Unsupported: 'Universal Render Pipeline/VR/SpatialMapping/Wireframe' - All subshaders removed
WARNING: Shader Did you use #pragma only_renderers and omit this platform?
WARNING: Shader If subshaders removal was intentional, you may have forgotten turning Fallback off?
WARNING: Shader Unsupported: 'Universal Render Pipeline/VR/SpatialMapping/Wireframe' - All subshaders removed
WARNING: Shader Did you use #pragma only_renderers and omit this platform?
WARNING: Shader If subshaders removal was intentional, you may have forgotten turning Fallback off?
Refreshing native plugins compatible for Editor in 0.55 ms, found 1 plugins.
Preloading 0 native plugins for Editor in 0.00 ms.
Unloading 17 Unused Serialized files (Serialized files now loaded: 0)
Unloading 6410 unused Assets / (2.8 MB). Loaded Objects now: 7244.
Memory consumption went from 144.8 MB to 142.0 MB.
Total: 7.119209 ms (FindLiveObjects: 0.377250 ms CreateObjectMapping: 0.206792 ms MarkObjects: 5.178750 ms  DeleteObjects: 1.356000 ms)

Prepare: number of updated asset objects reloaded= 0
========================================================================
Received Import Request.
  Time since last request: 20.720913 seconds.
  path: Assets/_Project/Scripts/Logic/ObjectPooler.cs
  artifactKey: Guid(65601acb326722343b6f7970b104204d) Importer(815301076,1909f56bfc062723c751e8b465ee728b)
Start importing Assets/_Project/Scripts/Logic/ObjectPooler.cs using Guid(65601acb326722343b6f7970b104204d) Importer(815301076,1909f56bfc062723c751e8b465ee728b) (PreviewImporter) -> (artifact id: '33148d09f3bcc6655f402122d1406ec6') in 0.000487042 seconds
Number of updated asset objects reloaded before import = 0Number of asset objects unloaded after import = 0

========================================================================
Received Import Request.
  Time since last request: 0.676437 seconds.
  path: Assets/_Project/Scripts/ObjectPooler.cs
  artifactKey: Guid(8b8e7deb2c690b446bda1d10af1111c8) Importer(815301076,1909f56bfc062723c751e8b465ee728b)
Start importing Assets/_Project/Scripts/ObjectPooler.cs using Guid(8b8e7deb2c690b446bda1d10af1111c8) Importer(815301076,1909f56bfc062723c751e8b465ee728b) (PreviewImporter) -> (artifact id: '898d97570c78a53ab8843e2feb21a71d') in 0.000394583 seconds
Number of updated asset objects reloaded before import = 0Number of asset objects unloaded after import = 0

========================================================================
Received Prepare
WARNING: Shader Unsupported: 'Universal Render Pipeline/VR/SpatialMapping/Wireframe' - All subshaders removed
WARNING: Shader Did you use #pragma only_renderers and omit this platform?
WARNING: Shader If subshaders removal was intentional, you may have forgotten turning Fallback off?
WARNING: Shader Unsupported: 'Universal Render Pipeline/VR/SpatialMapping/Wireframe' - All subshaders removed
WARNING: Shader Did you use #pragma only_renderers and omit this platform?
WARNING: Shader If subshaders removal was intentional, you may have forgotten turning Fallback off?
Refreshing native plugins compatible for Editor in 0.52 ms, found 1 plugins.
Preloading 0 native plugins for Editor in 0.00 ms.
Unloading 17 Unused Serialized files (Serialized files now loaded: 0)
Unloading 6409 unused Assets / (3.9 MB). Loaded Objects now: 7243.
Memory consumption went from 144.8 MB to 140.9 MB.
Total: 7.066375 ms (FindLiveObjects: 0.365584 ms CreateObjectMapping: 0.203583 ms MarkObjects: 5.111166 ms  DeleteObjects: 1.385667 ms)

Prepare: number of updated asset objects reloaded= 0
========================================================================
Received Import Request.
  Time since last request: 36.695353 seconds.
  path: Assets/_Project/Scripts/Logic/WaypointPath.cs
  artifactKey: Guid(3fe8869008d524244860d697a87151b3) Importer(815301076,1909f56bfc062723c751e8b465ee728b)
Start importing Assets/_Project/Scripts/Logic/WaypointPath.cs using Guid(3fe8869008d524244860d697a87151b3) Importer(815301076,1909f56bfc062723c751e8b465ee728b) (PreviewImporter) -> (artifact id: 'c7bf5de3147104884fe236b0e39e61a1') in 0.000469958 seconds
Number of updated asset objects reloaded before import = 0Number of asset objects unloaded after import = 0

========================================================================
Received Import Request.
  Time since last request: 1.126359 seconds.
  path: Assets/_Project/Scripts/WaypointPath.cs
  artifactKey: Guid(d39591392c75a404d88e2143e1e52f32) Importer(815301076,1909f56bfc062723c751e8b465ee728b)
Start importing Assets/_Project/Scripts/WaypointPath.cs using Guid(d39591392c75a404d88e2143e1e52f32) Importer(815301076,1909f56bfc062723c751e8b465ee728b) (PreviewImporter) -> (artifact id: '9076bdbe7fa1ab8e2431394d6e8c2f90') in 0.000422417 seconds
Number of updated asset objects reloaded before import = 0Number of asset objects unloaded after import = 0

========================================================================
Received Prepare
WARNING: Shader Unsupported: 'Universal Render Pipeline/VR/SpatialMapping/Wireframe' - All subshaders removed
WARNING: Shader Did you use #pragma only_renderers and omit this platform?
WARNING: Shader If subshaders removal was intentional, you may have forgotten turning Fallback off?
WARNING: Shader Unsupported: 'Universal Render Pipeline/VR/SpatialMapping/Wireframe' - All subshaders removed
WARNING: Shader Did you use #pragma only_renderers and omit this platform?
WARNING: Shader If subshaders removal was intentional, you may have forgotten turning Fallback off?
Refreshing native plugins compatible for Editor in 0.53 ms, found 1 plugins.
Preloading 0 native plugins for Editor in 0.00 ms.
Unloading 17 Unused Serialized files (Serialized files now loaded: 0)
Unloading 6408 unused Assets / (3.6 MB). Loaded Objects now: 7242.
Memory consumption went from 144.8 MB to 141.2 MB.
Total: 6.563125 ms (FindLiveObjects: 0.358583 ms CreateObjectMapping: 0.184833 ms MarkObjects: 4.687542 ms  DeleteObjects: 1.331875 ms)

Prepare: number of updated asset objects reloaded= 0
========================================================================
Received Prepare
Begin MonoManager ReloadAssembly
[Licensing::Client] Successfully resolved entitlement details
Thread 0x16f8e7000 may have been prematurely finalized
- Loaded All Assemblies, in  0.476 seconds
Refreshing native plugins compatible for Editor in 0.44 ms, found 1 plugins.
Native extension for OSXStandalone target not found
[Package Manager] Failed to launch server process. Reason: Unity was launched with the -noUpm command-line argument
[Package Manager] Unable to send message (not connected to server process).
[Package Manager] Cannot connect to Unity Package Manager local server
ScheduleIndexationOnStartup MainProcess:False IndexOnStartup:True
Mono: successfully reloaded assembly
- Finished resetting the current domain, in  0.421 seconds
Domain Reload Profiling: 899ms
	BeginReloadAssembly (118ms)
		ExecutionOrderSort (0ms)
		DisableScriptedObjects (8ms)
		BackupInstance (0ms)
		ReleaseScriptingObjects (0ms)
		CreateAndSetChildDomain (28ms)
	RebuildCommonClasses (26ms)
	RebuildNativeTypeToScriptingClass (11ms)
	initialDomainReloadingComplete (13ms)
	LoadAllAssembliesAndSetupDomain (311ms)
		LoadAssemblies (206ms)
		RebuildTransferFunctionScriptingTraits (0ms)
		AnalyzeDomain (146ms)
			TypeCache.Refresh (82ms)
				TypeCache.ScanAssembly (72ms)
			BuildScriptInfoCaches (54ms)
			ResolveRequiredComponents (7ms)
	FinalizeReload (421ms)
		ReleaseScriptCaches (0ms)
		RebuildScriptCaches (0ms)
		SetupLoadedEditorAssemblies (325ms)
			LogAssemblyErrors (0ms)
			InitializePlatformSupportModulesInManaged (1ms)
			SetLoadedEditorAssemblies (3ms)
			BeforeProcessingInitializeOnLoad (124ms)
			ProcessInitializeOnLoadAttributes (151ms)
			ProcessInitializeOnLoadMethodAttributes (46ms)
			AfterProcessingInitializeOnLoad (1ms)
			EditorAssembliesLoaded (0ms)
		ExecutionOrderSort2 (0ms)
		AwakeInstancesAfterBackupRestoration (6ms)
WARNING: Shader Unsupported: 'Universal Render Pipeline/VR/SpatialMapping/Wireframe' - All subshaders removed
WARNING: Shader Did you use #pragma only_renderers and omit this platform?
WARNING: Shader If subshaders removal was intentional, you may have forgotten turning Fallback off?
WARNING: Shader Unsupported: 'Universal Render Pipeline/VR/SpatialMapping/Wireframe' - All subshaders removed
WARNING: Shader Did you use #pragma only_renderers and omit this platform?
WARNING: Shader If subshaders removal was intentional, you may have forgotten turning Fallback off?
Refreshing native plugins compatible for Editor in 0.51 ms, found 1 plugins.
Preloading 0 native plugins for Editor in 0.00 ms.
Unloading 17 Unused Serialized files (Serialized files now loaded: 0)
Unloading 6415 unused Assets / (3.9 MB). Loaded Objects now: 7245.
Memory consumption went from 152.5 MB to 148.6 MB.
Total: 6.354375 ms (FindLiveObjects: 0.344542 ms CreateObjectMapping: 0.175416 ms MarkObjects: 4.655584 ms  DeleteObjects: 1.178625 ms)

Prepare: number of updated asset objects reloaded= 0
========================================================================
Received Import Request.
  Time since last request: 217.660843 seconds.
  path: Assets/_Project/Scripts/Logic
  artifactKey: Guid(208f836aaae327547a2f4188cf5b68f1) Importer(815301076,1909f56bfc062723c751e8b465ee728b)
Start importing Assets/_Project/Scripts/Logic using Guid(208f836aaae327547a2f4188cf5b68f1) Importer(815301076,1909f56bfc062723c751e8b465ee728b) (PreviewImporter) -> (artifact id: '40d8ef5b074aa4a11bd97f4cf6d773ec') in 0.001403833 seconds
Number of updated asset objects reloaded before import = 0Number of asset objects unloaded after import = 0

========================================================================
Received Import Request.
  Time since last request: 125.495539 seconds.
  path: Assets/_Project/Scripts/Data/EnemyData.cs
  artifactKey: Guid(512156850cfa51a49bbd5649430c2398) Importer(815301076,1909f56bfc062723c751e8b465ee728b)
Start importing Assets/_Project/Scripts/Data/EnemyData.cs using Guid(512156850cfa51a49bbd5649430c2398) Importer(815301076,1909f56bfc062723c751e8b465ee728b) (PreviewImporter) -> (artifact id: '6c100f2eb06a89d6440bb155eb5ee041') in 0.000493375 seconds
Number of updated asset objects reloaded before import = 0Number of asset objects unloaded after import = 0

========================================================================
Received Import Request.
  Time since last request: 38.324581 seconds.
  path: Assets/_Project/Data
  artifactKey: Guid(9d3ad4cd8e1f44d00bf6e9a608736c96) Importer(815301076,1909f56bfc062723c751e8b465ee728b)
Start importing Assets/_Project/Data using Guid(9d3ad4cd8e1f44d00bf6e9a608736c96) Importer(815301076,1909f56bfc062723c751e8b465ee728b) (PreviewImporter) -> (artifact id: 'cdbbf3d8d43c1016d92999c3ba467af9') in 0.000620625 seconds
Number of updated asset objects reloaded before import = 0Number of asset objects unloaded after import = 0

========================================================================
Received Import Request.
  Time since last request: 17.034263 seconds.
  path: Assets/_Project/Data
  artifactKey: Guid(9d3ad4cd8e1f44d00bf6e9a608736c96) Importer(2089858483,b0f066a214c2f5e87bad3c948f4d605d)
Start importing Assets/_Project/Data using Guid(9d3ad4cd8e1f44d00bf6e9a608736c96) Importer(2089858483,b0f066a214c2f5e87bad3c948f4d605d) (ScriptedImporter) -> (artifact id: 'cfb0cd61bb14a18dda17e3e674051c0d') in 0.024529417 seconds
Number of updated asset objects reloaded before import = 0Number of asset objects unloaded after import = 1

========================================================================
Received Import Request.
  Time since last request: 1.786614 seconds.
  path: Assets/_Project/Data/NewEnemyData.asset
  artifactKey: Guid(74eb5c57d3e064ff6a900e0d2a00e4f3) Importer(815301076,1909f56bfc062723c751e8b465ee728b)
Start importing Assets/_Project/Data/NewEnemyData.asset using Guid(74eb5c57d3e064ff6a900e0d2a00e4f3) Importer(815301076,1909f56bfc062723c751e8b465ee728b) (PreviewImporter) -> (artifact id: '88a7bd50b3b9a381126be42097e0ce0a') in 0.011331125 seconds
Number of updated asset objects reloaded before import = 0Number of asset objects unloaded after import = 1

========================================================================
Received Import Request.
  Time since last request: 1.018280 seconds.
  path: Assets/_Project/Data/NewEnemyData.asset
  artifactKey: Guid(74eb5c57d3e064ff6a900e0d2a00e4f3) Importer(2089858483,b0f066a214c2f5e87bad3c948f4d605d)
Start importing Assets/_Project/Data/NewEnemyData.asset using Guid(74eb5c57d3e064ff6a900e0d2a00e4f3) Importer(2089858483,b0f066a214c2f5e87bad3c948f4d605d) (ScriptedImporter) -> (artifact id: 'a45e945857e597b02ca8452216b4c3e1') in 0.05018825 seconds
Number of updated asset objects reloaded before import = 0Number of asset objects unloaded after import = 1

========================================================================
Received Import Request.
  Time since last request: 7.462236 seconds.
  path: Assets/_Project/Data/Goblin.asset
  artifactKey: Guid(74eb5c57d3e064ff6a900e0d2a00e4f3) Importer(815301076,1909f56bfc062723c751e8b465ee728b)
Start importing Assets/_Project/Data/Goblin.asset using Guid(74eb5c57d3e064ff6a900e0d2a00e4f3) Importer(815301076,1909f56bfc062723c751e8b465ee728b) (PreviewImporter) -> (artifact id: '8065fdfa4467e48b65ad0914682f68ce') in 0.000967833 seconds
Number of updated asset objects reloaded before import = 0Number of asset objects unloaded after import = 1

========================================================================
Received Import Request.
  Time since last request: 0.965823 seconds.
  path: Assets/_Project/Data/Goblin.asset
  artifactKey: Guid(74eb5c57d3e064ff6a900e0d2a00e4f3) Importer(2089858483,b0f066a214c2f5e87bad3c948f4d605d)
Start importing Assets/_Project/Data/Goblin.asset using Guid(74eb5c57d3e064ff6a900e0d2a00e4f3) Importer(2089858483,b0f066a214c2f5e87bad3c948f4d605d) (ScriptedImporter) -> (artifact id: '97abaf417e4b11cbe74e551ae05d93a0') in 0.002971 seconds
Number of updated asset objects reloaded before import = 0Number of asset objects unloaded after import = 1

========================================================================
Received Import Request.
  Time since last request: 24.769376 seconds.
  path: Assets/_Project/Data/Orc.asset
  artifactKey: Guid(2ff2557cf55ee4193beaec5a0d3fc457) Importer(815301076,1909f56bfc062723c751e8b465ee728b)
Start importing Assets/_Project/Data/Orc.asset using Guid(2ff2557cf55ee4193beaec5a0d3fc457) Importer(815301076,1909f56bfc062723c751e8b465ee728b) (PreviewImporter) -> (artifact id: 'caaae645d3eefe2da62630971178fd69') in 0.001302458 seconds
Number of updated asset objects reloaded before import = 0Number of asset objects unloaded after import = 1

========================================================================
Received Import Request.
  Time since last request: 0.970697 seconds.
  path: Assets/_Project/Data/Orc.asset
  artifactKey: Guid(2ff2557cf55ee4193beaec5a0d3fc457) Importer(2089858483,b0f066a214c2f5e87bad3c948f4d605d)
Start importing Assets/_Project/Data/Orc.asset using Guid(2ff2557cf55ee4193beaec5a0d3fc457) Importer(2089858483,b0f066a214c2f5e87bad3c948f4d605d) (ScriptedImporter) -> (artifact id: 'ed7b926c90ec1fc298115088bde0c439') in 0.002951375 seconds
Number of updated asset objects reloaded before import = 0Number of asset objects unloaded after import = 1

========================================================================
Received Import Request.
  Time since last request: 7.818075 seconds.
  path: Assets/_Project/Data/Ghost.asset
  artifactKey: Guid(101af7c2a9b4c4c85afba4137bedab44) Importer(815301076,1909f56bfc062723c751e8b465ee728b)
Start importing Assets/_Project/Data/Ghost.asset using Guid(101af7c2a9b4c4c85afba4137bedab44) Importer(815301076,1909f56bfc062723c751e8b465ee728b) (PreviewImporter) -> (artifact id: '62f29378c1733f336f84ae204c95eb13') in 0.0008595 seconds
Number of updated asset objects reloaded before import = 0Number of asset objects unloaded after import = 1

========================================================================
Received Import Request.
  Time since last request: 0.975013 seconds.
  path: Assets/_Project/Data/Ghost.asset
  artifactKey: Guid(101af7c2a9b4c4c85afba4137bedab44) Importer(2089858483,b0f066a214c2f5e87bad3c948f4d605d)
Start importing Assets/_Project/Data/Ghost.asset using Guid(101af7c2a9b4c4c85afba4137bedab44) Importer(2089858483,b0f066a214c2f5e87bad3c948f4d605d) (ScriptedImporter) -> (artifact id: '4c43494c37e0d5b35ebe18f52d4f1ddd') in 0.002915625 seconds
Number of updated asset objects reloaded before import = 0Number of asset objects unloaded after import = 1

========================================================================
Received Import Request.
  Time since last request: 657.298235 seconds.
  path: Assets/_Project/Prefabs
  artifactKey: Guid(1963eb1cfcb9043a0a927fa05e8b427f) Importer(815301076,1909f56bfc062723c751e8b465ee728b)
Start importing Assets/_Project/Prefabs using Guid(1963eb1cfcb9043a0a927fa05e8b427f) Importer(815301076,1909f56bfc062723c751e8b465ee728b) (PreviewImporter) -> (artifact id: 'c44cdd5a2383a193ecc3a0938644a2ed') in 0.000458625 seconds
Number of updated asset objects reloaded before import = 0Number of asset objects unloaded after import = 0

========================================================================
Received Import Request.
  Time since last request: 0.912690 seconds.
  path: Assets/_Project/Prefabs
  artifactKey: Guid(1963eb1cfcb9043a0a927fa05e8b427f) Importer(2089858483,b0f066a214c2f5e87bad3c948f4d605d)
Start importing Assets/_Project/Prefabs using Guid(1963eb1cfcb9043a0a927fa05e8b427f) Importer(2089858483,b0f066a214c2f5e87bad3c948f4d605d) (ScriptedImporter) -> (artifact id: '1142c6495c9c03809a8a6aa4d1b4feed') in 0.002631166 seconds
Number of updated asset objects reloaded before import = 0Number of asset objects unloaded after import = 1

========================================================================
Received Import Request.
  Time since last request: 14.758418 seconds.
  path: Assets/_Project/Prefabs/Enemy_Goblin.prefab
  artifactKey: Guid(43211aae883a24c88b3757e043643ef0) Importer(815301076,1909f56bfc062723c751e8b465ee728b)
Start importing Assets/_Project/Prefabs/Enemy_Goblin.prefab using Guid(43211aae883a24c88b3757e043643ef0) Importer(815301076,1909f56bfc062723c751e8b465ee728b) (PreviewImporter) -> (artifact id: '869cfd07f74ec34fa94221e45bcbc65c') in 0.314815959 seconds
Number of updated asset objects reloaded before import = 0Number of asset objects unloaded after import = 11

========================================================================
Received Import Request.
  Time since last request: 0.604232 seconds.
  path: Assets/_Project/Prefabs/Enemy_Goblin.prefab
  artifactKey: Guid(43211aae883a24c88b3757e043643ef0) Importer(2089858483,b0f066a214c2f5e87bad3c948f4d605d)
Start importing Assets/_Project/Prefabs/Enemy_Goblin.prefab using Guid(43211aae883a24c88b3757e043643ef0) Importer(2089858483,b0f066a214c2f5e87bad3c948f4d605d) (ScriptedImporter) -> (artifact id: 'dcd4c3363d8aa4b00ff24bdc49607641') in 0.023138542 seconds
Number of updated asset objects reloaded before import = 0Number of asset objects unloaded after import = 11

========================================================================
Received Import Request.
  Time since last request: 302.298424 seconds.
  path: Assets/_Project/Prefabs/Enemy_orc.prefab
  artifactKey: Guid(09b2b67f783d543c1a1b1ee769857e2d) Importer(815301076,1909f56bfc062723c751e8b465ee728b)
Start importing Assets/_Project/Prefabs/Enemy_orc.prefab using Guid(09b2b67f783d543c1a1b1ee769857e2d) Importer(815301076,1909f56bfc062723c751e8b465ee728b) (PreviewImporter) -> (artifact id: 'ddf44b54f19ae1c91d7383dd7c06c37d') in 0.006801667 seconds
Number of updated asset objects reloaded before import = 0Number of asset objects unloaded after import = 11

========================================================================
Received Import Request.
  Time since last request: 0.912892 seconds.
  path: Assets/_Project/Prefabs/Enemy_orc.prefab
  artifactKey: Guid(09b2b67f783d543c1a1b1ee769857e2d) Importer(2089858483,b0f066a214c2f5e87bad3c948f4d605d)
Start importing Assets/_Project/Prefabs/Enemy_orc.prefab using Guid(09b2b67f783d543c1a1b1ee769857e2d) Importer(2089858483,b0f066a214c2f5e87bad3c948f4d605d) (ScriptedImporter) -> (artifact id: 'fd8e59c3145dcfc39dc953777cc36cf9') in 0.004200709 seconds
Number of updated asset objects reloaded before import = 0Number of asset objects unloaded after import = 11

========================================================================
Received Import Request.
  Time since last request: 33.866868 seconds.
  path: Assets/_Project/Prefabs/Enemy_Orc.prefab
  artifactKey: Guid(09b2b67f783d543c1a1b1ee769857e2d) Importer(815301076,1909f56bfc062723c751e8b465ee728b)
Start importing Assets/_Project/Prefabs/Enemy_Orc.prefab using Guid(09b2b67f783d543c1a1b1ee769857e2d) Importer(815301076,1909f56bfc062723c751e8b465ee728b) (PreviewImporter) -> (artifact id: '57e8e6b76d9a99c9dfc5b32f365f66aa') in 0.006132292 seconds
Number of updated asset objects reloaded before import = 0Number of asset objects unloaded after import = 11

========================================================================
Received Import Request.
  Time since last request: 0.949708 seconds.
  path: Assets/_Project/Prefabs/Enemy_Orc.prefab
  artifactKey: Guid(09b2b67f783d543c1a1b1ee769857e2d) Importer(2089858483,b0f066a214c2f5e87bad3c948f4d605d)
Start importing Assets/_Project/Prefabs/Enemy_Orc.prefab using Guid(09b2b67f783d543c1a1b1ee769857e2d) Importer(2089858483,b0f066a214c2f5e87bad3c948f4d605d) (ScriptedImporter) -> (artifact id: '3a28d1c25aa0e94f312a5a9687fdd300') in 0.006952 seconds
Number of updated asset objects reloaded before import = 0Number of asset objects unloaded after import = 11

========================================================================
Received Import Request.
  Time since last request: 55.094350 seconds.
  path: Assets/_Project/Prefabs/Enemy_Ghost.prefab
  artifactKey: Guid(4f3c010fd4e52420c8801729ccaf9b67) Importer(815301076,1909f56bfc062723c751e8b465ee728b)
Start importing Assets/_Project/Prefabs/Enemy_Ghost.prefab using Guid(4f3c010fd4e52420c8801729ccaf9b67) Importer(815301076,1909f56bfc062723c751e8b465ee728b) (PreviewImporter) -> (artifact id: '68e8c4ddc67145d38d1ecd002662bf26') in 0.006145791 seconds
Number of updated asset objects reloaded before import = 0Number of asset objects unloaded after import = 12

========================================================================
Received Import Request.
  Time since last request: 0.963794 seconds.
  path: Assets/_Project/Prefabs/Enemy_Ghost.prefab
  artifactKey: Guid(4f3c010fd4e52420c8801729ccaf9b67) Importer(2089858483,b0f066a214c2f5e87bad3c948f4d605d)
Start importing Assets/_Project/Prefabs/Enemy_Ghost.prefab using Guid(4f3c010fd4e52420c8801729ccaf9b67) Importer(2089858483,b0f066a214c2f5e87bad3c948f4d605d) (ScriptedImporter) -> (artifact id: '3888749fd6f704817febba435c790d61') in 0.006908417 seconds
Number of updated asset objects reloaded before import = 0Number of asset objects unloaded after import = 12

========================================================================
Received Import Request.
  Time since last request: 1758.888127 seconds.
  path: Assets/_Project/Data/Orc.asset
  artifactKey: Guid(2ff2557cf55ee4193beaec5a0d3fc457) Importer(2089858483,b0f066a214c2f5e87bad3c948f4d605d)
Start importing Assets/_Project/Data/Orc.asset using Guid(2ff2557cf55ee4193beaec5a0d3fc457) Importer(2089858483,b0f066a214c2f5e87bad3c948f4d605d) (ScriptedImporter) -> (artifact id: '7072a14d0fc51e6b0056aede34918cd5') in 0.005579959 seconds
Number of updated asset objects reloaded before import = 0Number of asset objects unloaded after import = 1

========================================================================
Received Import Request.
  Time since last request: 0.000078 seconds.
  path: Assets/_Project/Data/Ghost.asset
  artifactKey: Guid(101af7c2a9b4c4c85afba4137bedab44) Importer(2089858483,b0f066a214c2f5e87bad3c948f4d605d)
Start importing Assets/_Project/Data/Ghost.asset using Guid(101af7c2a9b4c4c85afba4137bedab44) Importer(2089858483,b0f066a214c2f5e87bad3c948f4d605d) (ScriptedImporter) -> (artifact id: 'f6947b875f0adedf9c877063bd649453') in 0.002388083 seconds
Number of updated asset objects reloaded before import = 0Number of asset objects unloaded after import = 1

